# JRE version: Java(TM) SE Runtime Environment (8.0_102-b14) (build 1.8.0_102-b14)
# Java VM: Java HotSpot(TM) 64-Bit Server VM (25.102-b14 mixed mode bsd-amd64 compressed oops)
Heap:
 PSYoungGen      total 267264K, used 177283K [0x00000007aab00000, 0x00000007bf580000, 0x00000007c0000000)
  eden space 198144K, 89% used [0x00000007aab00000,0x00000007b5820e18,0x00000007b6c80000)
  from space 69120K, 0% used [0x00000007bb200000,0x00000007bb200000,0x00000007bf580000)
  to   space 70144K, 0% used [0x00000007b6c80000,0x00000007b6c80000,0x00000007bb100000)
 ParOldGen       total 698880K, used 62917K [0x0000000780000000, 0x00000007aaa80000, 0x00000007aab00000)
  object space 698880K, 9% used [0x0000000780000000,0x0000000783d714f8,0x00000007aaa80000)
 Metaspace       used 132264K, capacity 133466K, committed 134272K, reserved 1161216K
  class space    used 21618K, capacity 21995K, committed 22144K, reserved 1048576K
GC Heap History (10 events):
Event: 3146.770 GC heap before
{Heap before GC invocations=22 (full 8):
 PSYoungGen      total 271872K, used 196571K [0x00000007aab00000, 0x00000007c0000000, 0x00000007c0000000)
  eden space 196608K, 99% used [0x00000007aab00000,0x00000007b6af6cc8,0x00000007b6b00000)
  from space 75264K, 0% used [0x00000007b6b00000,0x00000007b6b00000,0x00000007bb480000)
  to   space 75776K, 0% used [0x00000007bb600000,0x00000007bb600000,0x00000007c0000000)
 ParOldGen       total 698880K, used 64651K [0x0000000780000000, 0x00000007aaa80000, 0x00000007aab00000)
  object space 698880K, 9% used [0x0000000780000000,0x0000000783f22c20,0x00000007aaa80000)
 Metaspace       used 131313K, capacity 132524K, committed 133120K, reserved 1161216K
  class space    used 21652K, capacity 21981K, committed 22016K, reserved 1048576K
Event: 3146.909 GC heap after
Heap after GC invocations=22 (full 8):
 PSYoungGen      total 270336K, used 8134K [0x00000007aab00000, 0x00000007bfc80000, 0x00000007c0000000)
  eden space 198144K, 0% used [0x00000007aab00000,0x00000007aab00000,0x00000007b6c80000)
  from space 72192K, 11% used [0x00000007bb600000,0x00000007bbdf1800,0x00000007bfc80000)
  to   space 73728K, 0% used [0x00000007b6c80000,0x00000007b6c80000,0x00000007bb480000)
 ParOldGen       total 698880K, used 64659K [0x0000000780000000, 0x00000007aaa80000, 0x00000007aab00000)
  object space 698880K, 9% used [0x0000000780000000,0x0000000783f24c20,0x00000007aaa80000)
 Metaspace       used 131313K, capacity 132524K, committed 133120K, reserved 1161216K
  class space    used 21652K, capacity 21981K, committed 22016K, reserved 1048576K
}
Event: 3147.560 GC heap before
{Heap before GC invocations=23 (full 8):
 PSYoungGen      total 270336K, used 64079K [0x00000007aab00000, 0x00000007bfc80000, 0x00000007c0000000)
  eden space 198144K, 28% used [0x00000007aab00000,0x00000007ae1a25c0,0x00000007b6c80000)
  from space 72192K, 11% used [0x00000007bb600000,0x00000007bbdf1800,0x00000007bfc80000)
  to   space 73728K, 0% used [0x00000007b6c80000,0x00000007b6c80000,0x00000007bb480000)
 ParOldGen       total 698880K, used 64659K [0x0000000780000000, 0x00000007aaa80000, 0x00000007aab00000)
  object space 698880K, 9% used [0x0000000780000000,0x0000000783f24c20,0x00000007aaa80000)
 Metaspace       used 131848K, capacity 133124K, committed 133760K, reserved 1161216K
  class space    used 21677K, capacity 22053K, committed 22144K, reserved 1048576K
Event: 3147.604 GC heap after
Heap after GC invocations=23 (full 8):
 PSYoungGen      total 208896K, used 10713K [0x00000007aab00000, 0x00000007bf780000, 0x00000007c0000000)
  eden space 198144K, 0% used [0x00000007aab00000,0x00000007aab00000,0x00000007b6c80000)
  from space 10752K, 99% used [0x00000007b6c80000,0x00000007b76f65b8,0x00000007b7700000)
  to   space 71168K, 0% used [0x00000007bb200000,0x00000007bb200000,0x00000007bf780000)
 ParOldGen       total 698880K, used 64667K [0x0000000780000000, 0x00000007aaa80000, 0x00000007aab00000)
  object space 698880K, 9% used [0x0000000780000000,0x0000000783f26c20,0x00000007aaa80000)
 Metaspace       used 131848K, capacity 133124K, committed 133760K, reserved 1161216K
  class space    used 21677K, capacity 22053K, committed 22144K, reserved 1048576K
}
Event: 3147.604 GC heap before
{Heap before GC invocations=24 (full 9):
 PSYoungGen      total 208896K, used 10713K [0x00000007aab00000, 0x00000007bf780000, 0x00000007c0000000)
  eden space 198144K, 0% used [0x00000007aab00000,0x00000007aab00000,0x00000007b6c80000)
  from space 10752K, 99% used [0x00000007b6c80000,0x00000007b76f65b8,0x00000007b7700000)
  to   space 71168K, 0% used [0x00000007bb200000,0x00000007bb200000,0x00000007bf780000)
 ParOldGen       total 698880K, used 64667K [0x0000000780000000, 0x00000007aaa80000, 0x00000007aab00000)
  object space 698880K, 9% used [0x0000000780000000,0x0000000783f26c20,0x00000007aaa80000)
 Metaspace       used 131848K, capacity 133124K, committed 133760K, reserved 1161216K
  class space    used 21677K, capacity 22053K, committed 22144K, reserved 1048576K
Event: 3148.376 GC heap after
Heap after GC invocations=24 (full 9):
 PSYoungGen      total 208896K, used 0K [0x00000007aab00000, 0x00000007bf780000, 0x00000007c0000000)
  eden space 198144K, 0% used [0x00000007aab00000,0x00000007aab00000,0x00000007b6c80000)
  from space 10752K, 0% used [0x00000007b6c80000,0x00000007b6c80000,0x00000007b7700000)
  to   space 71168K, 0% used [0x00000007bb200000,0x00000007bb200000,0x00000007bf780000)
 ParOldGen       total 698880K, used 65083K [0x0000000780000000, 0x00000007aaa80000, 0x00000007aab00000)
  object space 698880K, 9% used [0x0000000780000000,0x0000000783f8ee80,0x00000007aaa80000)
 Metaspace       used 131065K, capacity 132106K, committed 133760K, reserved 1161216K
  class space    used 21472K, capacity 21823K, committed 22144K, reserved 1048576K
}
Event: 3148.689 GC heap before
{Heap before GC invocations=25 (full 9):
 PSYoungGen      total 208896K, used 2725K [0x00000007aab00000, 0x00000007bf780000, 0x00000007c0000000)
  eden space 198144K, 1% used [0x00000007aab00000,0x00000007aada9740,0x00000007b6c80000)
  from space 10752K, 0% used [0x00000007b6c80000,0x00000007b6c80000,0x00000007b7700000)
  to   space 71168K, 0% used [0x00000007bb200000,0x00000007bb200000,0x00000007bf780000)
 ParOldGen       total 698880K, used 65083K [0x0000000780000000, 0x00000007aaa80000, 0x00000007aab00000)
  object space 698880K, 9% used [0x0000000780000000,0x0000000783f8ee80,0x00000007aaa80000)
 Metaspace       used 131117K, capacity 132106K, committed 133760K, reserved 1161216K
  class space    used 21477K, capacity 21823K, committed 22144K, reserved 1048576K
Event: 3148.695 GC heap after
Heap after GC invocations=25 (full 9):
 PSYoungGen      total 267264K, used 288K [0x00000007aab00000, 0x00000007bf580000, 0x00000007c0000000)
  eden space 198144K, 0% used [0x00000007aab00000,0x00000007aab00000,0x00000007b6c80000)
  from space 69120K, 0% used [0x00000007bb200000,0x00000007bb248000,0x00000007bf580000)
  to   space 70144K, 0% used [0x00000007b6c80000,0x00000007b6c80000,0x00000007bb100000)
 ParOldGen       total 698880K, used 65083K [0x0000000780000000, 0x00000007aaa80000, 0x00000007aab00000)
  object space 698880K, 9% used [0x0000000780000000,0x0000000783f8ee80,0x00000007aaa80000)
 Metaspace       used 131117K, capacity 132106K, committed 133760K, reserved 1161216K
  class space    used 21477K, capacity 21823K, committed 22144K, reserved 1048576K
}
Event: 3148.695 GC heap before
{Heap before GC invocations=26 (full 10):
 PSYoungGen      total 267264K, used 288K [0x00000007aab00000, 0x00000007bf580000, 0x00000007c0000000)
  eden space 198144K, 0% used [0x00000007aab00000,0x00000007aab00000,0x00000007b6c80000)
  from space 69120K, 0% used [0x00000007bb200000,0x00000007bb248000,0x00000007bf580000)
  to   space 70144K, 0% used [0x00000007b6c80000,0x00000007b6c80000,0x00000007bb100000)
 ParOldGen       total 698880K, used 65083K [0x0000000780000000, 0x00000007aaa80000, 0x00000007aab00000)
  object space 698880K, 9% used [0x0000000780000000,0x0000000783f8ee80,0x00000007aaa80000)
 Metaspace       used 131117K, capacity 132106K, committed 133760K, reserved 1161216K
  class space    used 21477K, capacity 21823K, committed 22144K, reserved 1048576K
Event: 3148.963 GC heap after
Heap after GC invocations=26 (full 10):
 PSYoungGen      total 267264K, used 0K [0x00000007aab00000, 0x00000007bf580000, 0x00000007c0000000)
  eden space 198144K, 0% used [0x00000007aab00000,0x00000007aab00000,0x00000007b6c80000)
  from space 69120K, 0% used [0x00000007bb200000,0x00000007bb200000,0x00000007bf580000)
  to   space 70144K, 0% used [0x00000007b6c80000,0x00000007b6c80000,0x00000007bb100000)
 ParOldGen       total 698880K, used 62917K [0x0000000780000000, 0x00000007aaa80000, 0x00000007aab00000)
  object space 698880K, 9% used [0x0000000780000000,0x0000000783d714f8,0x00000007aaa80000)
 Metaspace       used 131117K, capacity 132106K, committed 133760K, reserved 1161216K
  class space    used 21477K, capacity 21823K, committed 22144K, reserved 1048576K
}

